{
  "stats": {
    "suites": 4,
    "tests": 12,
    "passes": 12,
    "pending": 0,
    "failures": 0,
    "start": "2022-01-06T12:39:58.355Z",
    "end": "2022-01-06T12:41:32.264Z",
    "duration": 72394,
    "testsRegistered": 12,
    "passPercent": 100,
    "pendingPercent": 0,
    "other": 0,
    "hasOther": false,
    "skipped": 0,
    "hasSkipped": false
  },
  "results": [
    {
      "uuid": "1fab7789-7760-4455-8d2f-41299937c97a",
      "title": "",
      "fullFile": "cypress/integration/Div_Scripts/API_test.js",
      "file": "cypress/integration/Div_Scripts/API_test.js",
      "beforeHooks": [],
      "afterHooks": [],
      "tests": [],
      "suites": [
        {
          "uuid": "8b8aa123-da5a-4a14-af8b-86659bbe725a",
          "title": "Test the Automation API practice",
          "fullFile": "",
          "file": "",
          "beforeHooks": [],
          "afterHooks": [],
          "tests": [
            {
              "title": "Get the list of products",
              "fullTitle": "Test the Automation API practice Get the list of products",
              "timedOut": null,
              "duration": 7026,
              "state": "passed",
              "speed": "medium",
              "pass": true,
              "fail": false,
              "pending": false,
              "context": null,
              "code": "cy.request('https://flask-rest-api-demo.herokuapp.com/product/motorbike').then(resp => {\n  expect(resp.status).equal(200);\n  expect(resp.body.product[0]).has.property('price', 599.99);\n  expect(resp.body.product).has.length(1);\n  expect(resp.body.product[0]).has.property('product', 'motorbike');\n});",
              "err": {},
              "uuid": "4123b122-e750-43e8-aadf-bcea3a5e5b67",
              "parentUUID": "8b8aa123-da5a-4a14-af8b-86659bbe725a",
              "isHook": false,
              "skipped": false
            },
            {
              "title": "Get the list of Users",
              "fullTitle": "Test the Automation API practice Get the list of Users",
              "timedOut": null,
              "duration": 376,
              "state": "passed",
              "speed": "fast",
              "pass": true,
              "fail": false,
              "pending": false,
              "context": null,
              "code": "cy.request('https://flask-rest-api-demo.herokuapp.com/users').then(resp => {\n  expect(resp.status).equal(200);\n  expect(resp.body.users[2]).has.property('username', 'test_3');\n  expect(resp.body.users).has.length(5);\n  expect(resp.body.users[4]).has.property('password', 'qwerty');\n  expect(resp.body.users[2]).has.not.property('price');\n});",
              "err": {},
              "uuid": "4e72f342-ab70-4dfc-a465-85960304b9cd",
              "parentUUID": "8b8aa123-da5a-4a14-af8b-86659bbe725a",
              "isHook": false,
              "skipped": false
            },
            {
              "title": "Get the list of Users",
              "fullTitle": "Test the Automation API practice Get the list of Users",
              "timedOut": null,
              "duration": 124,
              "state": "passed",
              "speed": "fast",
              "pass": true,
              "fail": false,
              "pending": false,
              "context": null,
              "code": "cy.request('https://reqres.in/api/users?page=2').then(resp => {\n  expect(resp.status).equal(200);\n  expect(resp.body).has.property('total', 12);\n  expect(resp.body.data[0]).has.property('first_name', 'Michael');\n  expect(resp.body.data[1]).has.property('first_name', 'Lindsay');\n  expect(resp.body.data).has.length(6);\n});",
              "err": {},
              "uuid": "58c3a9f3-9da5-4dce-8c84-651c452ade1d",
              "parentUUID": "8b8aa123-da5a-4a14-af8b-86659bbe725a",
              "isHook": false,
              "skipped": false
            }
          ],
          "suites": [],
          "passes": [
            "4123b122-e750-43e8-aadf-bcea3a5e5b67",
            "4e72f342-ab70-4dfc-a465-85960304b9cd",
            "58c3a9f3-9da5-4dce-8c84-651c452ade1d"
          ],
          "failures": [],
          "pending": [],
          "skipped": [],
          "duration": 7526,
          "root": false,
          "rootEmpty": false,
          "_timeout": 2000
        }
      ],
      "passes": [],
      "failures": [],
      "pending": [],
      "skipped": [],
      "duration": 0,
      "root": true,
      "rootEmpty": true,
      "_timeout": 2000
    },
    {
      "uuid": "bd68c5b4-2437-409e-a967-a062a87bd721",
      "title": "",
      "fullFile": "cypress/integration/Div_Scripts/fileupload.js",
      "file": "cypress/integration/Div_Scripts/fileupload.js",
      "beforeHooks": [],
      "afterHooks": [],
      "tests": [],
      "suites": [
        {
          "uuid": "95935115-e1ff-498d-860a-f259152a1467",
          "title": "Test the File upload",
          "fullFile": "",
          "file": "",
          "beforeHooks": [],
          "afterHooks": [],
          "tests": [
            {
              "title": "File upload with input type as file",
              "fullTitle": "Test the File upload File upload with input type as file",
              "timedOut": null,
              "duration": 7117,
              "state": "passed",
              "speed": "medium",
              "pass": true,
              "fail": false,
              "pending": false,
              "context": null,
              "code": "cy.visit('http://automationpractice.com/index.php?controller=contact'); //const testFile = 'feather.jpg'\n//cy.fixture('feather.jpg').then(fileContent => {\ncy.get(\"[type='file']\").attachFile('feather.jpg'); // fileContent: fileContent.toString(),\n//fileName: \n//})",
              "err": {},
              "uuid": "17ed8a40-887a-4560-a865-c492da60e45a",
              "parentUUID": "95935115-e1ff-498d-860a-f259152a1467",
              "isHook": false,
              "skipped": false
            }
          ],
          "suites": [],
          "passes": [
            "17ed8a40-887a-4560-a865-c492da60e45a"
          ],
          "failures": [],
          "pending": [],
          "skipped": [],
          "duration": 7117,
          "root": false,
          "rootEmpty": false,
          "_timeout": 2000
        }
      ],
      "passes": [],
      "failures": [],
      "pending": [],
      "skipped": [],
      "duration": 0,
      "root": true,
      "rootEmpty": true,
      "_timeout": 2000
    },
    {
      "uuid": "968dd001-dc84-4fab-85ca-f7b87778b60c",
      "title": "",
      "fullFile": "cypress/integration/Div_Scripts/test1.js",
      "file": "cypress/integration/Div_Scripts/test1.js",
      "beforeHooks": [],
      "afterHooks": [],
      "tests": [],
      "suites": [
        {
          "uuid": "7f245740-2317-45ab-ba63-b4e9819c1d6a",
          "title": "Test the Automation practice",
          "fullFile": "",
          "file": "",
          "beforeHooks": [],
          "afterHooks": [],
          "tests": [
            {
              "title": "Login",
              "fullTitle": "Test the Automation practice Login",
              "timedOut": null,
              "duration": 18002,
              "state": "passed",
              "speed": "slow",
              "pass": true,
              "fail": false,
              "pending": false,
              "context": null,
              "code": "cy.login('divjot@founderandlightning.com', 'Test@123');",
              "err": {},
              "uuid": "0f16a5c5-de12-4720-9d40-1468cc8dbf1f",
              "parentUUID": "7f245740-2317-45ab-ba63-b4e9819c1d6a",
              "isHook": false,
              "skipped": false
            },
            {
              "title": "Verify properly logged in",
              "fullTitle": "Test the Automation practice Verify properly logged in",
              "timedOut": null,
              "duration": 159,
              "state": "passed",
              "speed": "fast",
              "pass": true,
              "fail": false,
              "pending": false,
              "context": null,
              "code": "cy.url().should('include', 'controller=my-account');\ncy.get('.header_user_info').find('.account').should('be.visible');\ncy.get('.myaccount-link-list li').should('have.length', 5);\ncy.contains(' Home');",
              "err": {},
              "uuid": "91123420-f636-4407-bc8d-75d05bc27b51",
              "parentUUID": "7f245740-2317-45ab-ba63-b4e9819c1d6a",
              "isHook": false,
              "skipped": false
            },
            {
              "title": "Test drop-down",
              "fullTitle": "Test the Automation practice Test drop-down",
              "timedOut": null,
              "duration": 7174,
              "state": "passed",
              "speed": "medium",
              "pass": true,
              "fail": false,
              "pending": false,
              "context": null,
              "code": "cy.get('#search_query_top').type('Dress');\ncy.get('.ac_results').find('li').contains('T-shirts').click();",
              "err": {},
              "uuid": "17bbf916-2493-401c-b621-df814f6780bf",
              "parentUUID": "7f245740-2317-45ab-ba63-b4e9819c1d6a",
              "isHook": false,
              "skipped": false
            },
            {
              "title": "Test Cart page",
              "fullTitle": "Test the Automation practice Test Cart page",
              "timedOut": null,
              "duration": 31741,
              "state": "passed",
              "speed": "slow",
              "pass": true,
              "fail": false,
              "pending": false,
              "context": null,
              "code": "cy.get('a[title=\"View my shopping cart\"]').click();\ncy.contains('Dresses').click({\n  force: true\n});\ncy.get('.checkbox').should('have.length', 19).check();\ncy.get('.checkbox').uncheck();\ncy.reload();\ncy.get('.ajax_add_to_cart_button').first().click();\ncy.contains('Proceed to checkout').click();\ncy.get('#cart_title').should('be.visible').should('contain.text', 'Shopping-cart summary');",
              "err": {},
              "uuid": "9e330a27-0944-4f2c-92d4-5219e1e45037",
              "parentUUID": "7f245740-2317-45ab-ba63-b4e9819c1d6a",
              "isHook": false,
              "skipped": false
            }
          ],
          "suites": [],
          "passes": [
            "0f16a5c5-de12-4720-9d40-1468cc8dbf1f",
            "91123420-f636-4407-bc8d-75d05bc27b51",
            "17bbf916-2493-401c-b621-df814f6780bf",
            "9e330a27-0944-4f2c-92d4-5219e1e45037"
          ],
          "failures": [],
          "pending": [],
          "skipped": [],
          "duration": 57076,
          "root": false,
          "rootEmpty": false,
          "_timeout": 2000
        }
      ],
      "passes": [],
      "failures": [],
      "pending": [],
      "skipped": [],
      "duration": 0,
      "root": true,
      "rootEmpty": true,
      "_timeout": 2000
    },
    {
      "uuid": "d10ba9fa-164e-4af3-9d65-b4fe5599f7ae",
      "title": "",
      "fullFile": "cypress/integration/Div_Scripts/API_alias.js",
      "file": "cypress/integration/Div_Scripts/API_alias.js",
      "beforeHooks": [],
      "afterHooks": [],
      "tests": [],
      "suites": [
        {
          "uuid": "ba5f4154-1708-46da-a3b9-c50d72c466be",
          "title": "Test the Automation API ALIAS practice",
          "fullFile": "",
          "file": "",
          "beforeHooks": [],
          "afterHooks": [],
          "tests": [
            {
              "title": "validate header",
              "fullTitle": "Test the Automation API ALIAS practice validate header",
              "timedOut": null,
              "duration": 330,
              "state": "passed",
              "speed": "fast",
              "pass": true,
              "fail": false,
              "pending": false,
              "context": null,
              "code": "cy.get('@users').its('headers').its('content-type').should('include', 'application/json; charset=utf-8');",
              "err": {},
              "uuid": "d3a7e490-4d42-4a9a-be1e-8310c1e36a66",
              "parentUUID": "ba5f4154-1708-46da-a3b9-c50d72c466be",
              "isHook": false,
              "skipped": false
            },
            {
              "title": "validate status",
              "fullTitle": "Test the Automation API ALIAS practice validate status",
              "timedOut": null,
              "duration": 110,
              "state": "passed",
              "speed": "fast",
              "pass": true,
              "fail": false,
              "pending": false,
              "context": null,
              "code": "cy.get('@users').its('status').should('equal', 200);",
              "err": {},
              "uuid": "a76ab024-9c38-44b9-8a13-599fe3446832",
              "parentUUID": "ba5f4154-1708-46da-a3b9-c50d72c466be",
              "isHook": false,
              "skipped": false
            },
            {
              "title": "validate total pages",
              "fullTitle": "Test the Automation API ALIAS practice validate total pages",
              "timedOut": null,
              "duration": 114,
              "state": "passed",
              "speed": "fast",
              "pass": true,
              "fail": false,
              "pending": false,
              "context": null,
              "code": "cy.get('@users').its('body').should('contain', {\n  'total_pages': 2\n});",
              "err": {},
              "uuid": "58c9286b-56ba-419c-832d-4abb34c708d2",
              "parentUUID": "ba5f4154-1708-46da-a3b9-c50d72c466be",
              "isHook": false,
              "skipped": false
            },
            {
              "title": "validate user info",
              "fullTitle": "Test the Automation API ALIAS practice validate user info",
              "timedOut": null,
              "duration": 121,
              "state": "passed",
              "speed": "fast",
              "pass": true,
              "fail": false,
              "pending": false,
              "context": null,
              "code": "cy.get('@users').its('body').then(resp => {\n  expect(resp.data[0]).has.property('email', 'michael.lawson@reqres.in');\n});",
              "err": {},
              "uuid": "67425a4c-8815-44e8-84c9-b60d712e9a93",
              "parentUUID": "ba5f4154-1708-46da-a3b9-c50d72c466be",
              "isHook": false,
              "skipped": false
            }
          ],
          "suites": [],
          "passes": [
            "d3a7e490-4d42-4a9a-be1e-8310c1e36a66",
            "a76ab024-9c38-44b9-8a13-599fe3446832",
            "58c9286b-56ba-419c-832d-4abb34c708d2",
            "67425a4c-8815-44e8-84c9-b60d712e9a93"
          ],
          "failures": [],
          "pending": [],
          "skipped": [],
          "duration": 675,
          "root": false,
          "rootEmpty": false,
          "_timeout": 2000
        }
      ],
      "passes": [],
      "failures": [],
      "pending": [],
      "skipped": [],
      "duration": 0,
      "root": true,
      "rootEmpty": true,
      "_timeout": 2000
    }
  ],
  "meta": {
    "mocha": {
      "version": "7.0.1"
    },
    "mochawesome": {
      "options": {
        "quiet": false,
        "reportFilename": "report",
        "saveHtml": true,
        "saveJson": true,
        "consoleReporter": "spec",
        "useInlineDiffs": false,
        "code": true
      },
      "version": "7.0.1"
    },
    "marge": {
      "options": {
        "reportDir": "cypress/reports",
        "reportFilename": "report",
        "overwrite": false,
        "html": true,
        "json": true,
        "charts": true
      },
      "version": "6.0.1"
    }
  }
}