{
  "stats": {
    "suites": 1,
    "tests": 3,
    "passes": 3,
    "pending": 0,
    "failures": 0,
    "start": "2022-01-06T12:40:01.797Z",
    "end": "2022-01-06T12:40:09.398Z",
    "duration": 7601,
    "testsRegistered": 3,
    "passPercent": 100,
    "pendingPercent": 0,
    "other": 0,
    "hasOther": false,
    "skipped": 0,
    "hasSkipped": false
  },
  "results": [
    {
      "uuid": "1fab7789-7760-4455-8d2f-41299937c97a",
      "title": "",
      "fullFile": "cypress/integration/Div_Scripts/API_test.js",
      "file": "cypress/integration/Div_Scripts/API_test.js",
      "beforeHooks": [],
      "afterHooks": [],
      "tests": [],
      "suites": [
        {
          "uuid": "8b8aa123-da5a-4a14-af8b-86659bbe725a",
          "title": "Test the Automation API practice",
          "fullFile": "",
          "file": "",
          "beforeHooks": [],
          "afterHooks": [],
          "tests": [
            {
              "title": "Get the list of products",
              "fullTitle": "Test the Automation API practice Get the list of products",
              "timedOut": null,
              "duration": 7026,
              "state": "passed",
              "speed": "medium",
              "pass": true,
              "fail": false,
              "pending": false,
              "context": null,
              "code": "cy.request('https://flask-rest-api-demo.herokuapp.com/product/motorbike').then(resp => {\n  expect(resp.status).equal(200);\n  expect(resp.body.product[0]).has.property('price', 599.99);\n  expect(resp.body.product).has.length(1);\n  expect(resp.body.product[0]).has.property('product', 'motorbike');\n});",
              "err": {},
              "uuid": "4123b122-e750-43e8-aadf-bcea3a5e5b67",
              "parentUUID": "8b8aa123-da5a-4a14-af8b-86659bbe725a",
              "isHook": false,
              "skipped": false
            },
            {
              "title": "Get the list of Users",
              "fullTitle": "Test the Automation API practice Get the list of Users",
              "timedOut": null,
              "duration": 376,
              "state": "passed",
              "speed": "fast",
              "pass": true,
              "fail": false,
              "pending": false,
              "context": null,
              "code": "cy.request('https://flask-rest-api-demo.herokuapp.com/users').then(resp => {\n  expect(resp.status).equal(200);\n  expect(resp.body.users[2]).has.property('username', 'test_3');\n  expect(resp.body.users).has.length(5);\n  expect(resp.body.users[4]).has.property('password', 'qwerty');\n  expect(resp.body.users[2]).has.not.property('price');\n});",
              "err": {},
              "uuid": "4e72f342-ab70-4dfc-a465-85960304b9cd",
              "parentUUID": "8b8aa123-da5a-4a14-af8b-86659bbe725a",
              "isHook": false,
              "skipped": false
            },
            {
              "title": "Get the list of Users",
              "fullTitle": "Test the Automation API practice Get the list of Users",
              "timedOut": null,
              "duration": 124,
              "state": "passed",
              "speed": "fast",
              "pass": true,
              "fail": false,
              "pending": false,
              "context": null,
              "code": "cy.request('https://reqres.in/api/users?page=2').then(resp => {\n  expect(resp.status).equal(200);\n  expect(resp.body).has.property('total', 12);\n  expect(resp.body.data[0]).has.property('first_name', 'Michael');\n  expect(resp.body.data[1]).has.property('first_name', 'Lindsay');\n  expect(resp.body.data).has.length(6);\n});",
              "err": {},
              "uuid": "58c3a9f3-9da5-4dce-8c84-651c452ade1d",
              "parentUUID": "8b8aa123-da5a-4a14-af8b-86659bbe725a",
              "isHook": false,
              "skipped": false
            }
          ],
          "suites": [],
          "passes": [
            "4123b122-e750-43e8-aadf-bcea3a5e5b67",
            "4e72f342-ab70-4dfc-a465-85960304b9cd",
            "58c3a9f3-9da5-4dce-8c84-651c452ade1d"
          ],
          "failures": [],
          "pending": [],
          "skipped": [],
          "duration": 7526,
          "root": false,
          "rootEmpty": false,
          "_timeout": 2000
        }
      ],
      "passes": [],
      "failures": [],
      "pending": [],
      "skipped": [],
      "duration": 0,
      "root": true,
      "rootEmpty": true,
      "_timeout": 2000
    }
  ],
  "meta": {
    "mocha": {
      "version": "7.0.1"
    },
    "mochawesome": {
      "options": {
        "quiet": false,
        "reportFilename": "report",
        "saveHtml": true,
        "saveJson": true,
        "consoleReporter": "spec",
        "useInlineDiffs": false,
        "code": true
      },
      "version": "7.0.1"
    },
    "marge": {
      "options": {
        "reportDir": "cypress/reports",
        "reportFilename": "report",
        "overwrite": false,
        "html": true,
        "json": true,
        "charts": true
      },
      "version": "6.0.1"
    }
  }
}