{
  "stats": {
    "suites": 1,
    "tests": 4,
    "passes": 4,
    "pending": 0,
    "failures": 0,
    "start": "2022-01-06T12:40:28.422Z",
    "end": "2022-01-06T12:41:32.264Z",
    "duration": 63842,
    "testsRegistered": 4,
    "passPercent": 100,
    "pendingPercent": 0,
    "other": 0,
    "hasOther": false,
    "skipped": 0,
    "hasSkipped": false
  },
  "results": [
    {
      "uuid": "968dd001-dc84-4fab-85ca-f7b87778b60c",
      "title": "",
      "fullFile": "cypress/integration/Div_Scripts/test1.js",
      "file": "cypress/integration/Div_Scripts/test1.js",
      "beforeHooks": [],
      "afterHooks": [],
      "tests": [],
      "suites": [
        {
          "uuid": "7f245740-2317-45ab-ba63-b4e9819c1d6a",
          "title": "Test the Automation practice",
          "fullFile": "",
          "file": "",
          "beforeHooks": [],
          "afterHooks": [],
          "tests": [
            {
              "title": "Login",
              "fullTitle": "Test the Automation practice Login",
              "timedOut": null,
              "duration": 18002,
              "state": "passed",
              "speed": "slow",
              "pass": true,
              "fail": false,
              "pending": false,
              "context": null,
              "code": "cy.login('divjot@founderandlightning.com', 'Test@123');",
              "err": {},
              "uuid": "0f16a5c5-de12-4720-9d40-1468cc8dbf1f",
              "parentUUID": "7f245740-2317-45ab-ba63-b4e9819c1d6a",
              "isHook": false,
              "skipped": false
            },
            {
              "title": "Verify properly logged in",
              "fullTitle": "Test the Automation practice Verify properly logged in",
              "timedOut": null,
              "duration": 159,
              "state": "passed",
              "speed": "fast",
              "pass": true,
              "fail": false,
              "pending": false,
              "context": null,
              "code": "cy.url().should('include', 'controller=my-account');\ncy.get('.header_user_info').find('.account').should('be.visible');\ncy.get('.myaccount-link-list li').should('have.length', 5);\ncy.contains(' Home');",
              "err": {},
              "uuid": "91123420-f636-4407-bc8d-75d05bc27b51",
              "parentUUID": "7f245740-2317-45ab-ba63-b4e9819c1d6a",
              "isHook": false,
              "skipped": false
            },
            {
              "title": "Test drop-down",
              "fullTitle": "Test the Automation practice Test drop-down",
              "timedOut": null,
              "duration": 7174,
              "state": "passed",
              "speed": "medium",
              "pass": true,
              "fail": false,
              "pending": false,
              "context": null,
              "code": "cy.get('#search_query_top').type('Dress');\ncy.get('.ac_results').find('li').contains('T-shirts').click();",
              "err": {},
              "uuid": "17bbf916-2493-401c-b621-df814f6780bf",
              "parentUUID": "7f245740-2317-45ab-ba63-b4e9819c1d6a",
              "isHook": false,
              "skipped": false
            },
            {
              "title": "Test Cart page",
              "fullTitle": "Test the Automation practice Test Cart page",
              "timedOut": null,
              "duration": 31741,
              "state": "passed",
              "speed": "slow",
              "pass": true,
              "fail": false,
              "pending": false,
              "context": null,
              "code": "cy.get('a[title=\"View my shopping cart\"]').click();\ncy.contains('Dresses').click({\n  force: true\n});\ncy.get('.checkbox').should('have.length', 19).check();\ncy.get('.checkbox').uncheck();\ncy.reload();\ncy.get('.ajax_add_to_cart_button').first().click();\ncy.contains('Proceed to checkout').click();\ncy.get('#cart_title').should('be.visible').should('contain.text', 'Shopping-cart summary');",
              "err": {},
              "uuid": "9e330a27-0944-4f2c-92d4-5219e1e45037",
              "parentUUID": "7f245740-2317-45ab-ba63-b4e9819c1d6a",
              "isHook": false,
              "skipped": false
            }
          ],
          "suites": [],
          "passes": [
            "0f16a5c5-de12-4720-9d40-1468cc8dbf1f",
            "91123420-f636-4407-bc8d-75d05bc27b51",
            "17bbf916-2493-401c-b621-df814f6780bf",
            "9e330a27-0944-4f2c-92d4-5219e1e45037"
          ],
          "failures": [],
          "pending": [],
          "skipped": [],
          "duration": 57076,
          "root": false,
          "rootEmpty": false,
          "_timeout": 2000
        }
      ],
      "passes": [],
      "failures": [],
      "pending": [],
      "skipped": [],
      "duration": 0,
      "root": true,
      "rootEmpty": true,
      "_timeout": 2000
    }
  ],
  "meta": {
    "mocha": {
      "version": "7.0.1"
    },
    "mochawesome": {
      "options": {
        "quiet": false,
        "reportFilename": "report",
        "saveHtml": true,
        "saveJson": true,
        "consoleReporter": "spec",
        "useInlineDiffs": false,
        "code": true
      },
      "version": "7.0.1"
    },
    "marge": {
      "options": {
        "reportDir": "cypress/reports",
        "reportFilename": "report",
        "overwrite": false,
        "html": true,
        "json": true,
        "charts": true
      },
      "version": "6.0.1"
    }
  }
}