{
  "stats": {
    "suites": 1,
    "tests": 4,
    "passes": 4,
    "pending": 0,
    "failures": 0,
    "start": "2022-02-07T13:17:01.083Z",
    "end": "2022-02-07T13:17:48.119Z",
    "duration": 47036,
    "testsRegistered": 4,
    "passPercent": 100,
    "pendingPercent": 0,
    "other": 0,
    "hasOther": false,
    "skipped": 0,
    "hasSkipped": false
  },
  "results": [
    {
      "uuid": "17118925-8a05-4945-b3a6-33363089ce0d",
      "title": "",
      "fullFile": "cypress/integration/Div_Scripts/test1.js",
      "file": "cypress/integration/Div_Scripts/test1.js",
      "beforeHooks": [],
      "afterHooks": [],
      "tests": [],
      "suites": [
        {
          "uuid": "807a9aeb-db35-4408-913a-57d92c38c658",
          "title": "Test the Automation practice",
          "fullFile": "",
          "file": "",
          "beforeHooks": [],
          "afterHooks": [],
          "tests": [
            {
              "title": "Login",
              "fullTitle": "Test the Automation practice Login",
              "timedOut": null,
              "duration": 11574,
              "state": "passed",
              "speed": "slow",
              "pass": true,
              "fail": false,
              "pending": false,
              "context": null,
              "code": "cy.login('divjot@founderandlightning.com', 'Test@123');",
              "err": {},
              "uuid": "490c898d-69a2-455d-bf5b-fed06037366e",
              "parentUUID": "807a9aeb-db35-4408-913a-57d92c38c658",
              "isHook": false,
              "skipped": false
            },
            {
              "title": "Verify properly logged in",
              "fullTitle": "Test the Automation practice Verify properly logged in",
              "timedOut": null,
              "duration": 177,
              "state": "passed",
              "speed": "fast",
              "pass": true,
              "fail": false,
              "pending": false,
              "context": null,
              "code": "cy.url().should('include', 'controller=my-account');\ncy.get('.header_user_info').find('.account').should('be.visible');\ncy.get('.myaccount-link-list li').should('have.length', 5);\ncy.contains(' Home');",
              "err": {},
              "uuid": "02858bbe-22eb-4c04-8982-6bf8e591b9cc",
              "parentUUID": "807a9aeb-db35-4408-913a-57d92c38c658",
              "isHook": false,
              "skipped": false
            },
            {
              "title": "Test drop-down",
              "fullTitle": "Test the Automation practice Test drop-down",
              "timedOut": null,
              "duration": 5654,
              "state": "passed",
              "speed": "medium",
              "pass": true,
              "fail": false,
              "pending": false,
              "context": null,
              "code": "cy.get('#search_query_top').type('Dress');\ncy.get('.ac_results').find('li').contains('T-shirts').click();",
              "err": {},
              "uuid": "87173daf-5527-431c-b705-17ab9d101463",
              "parentUUID": "807a9aeb-db35-4408-913a-57d92c38c658",
              "isHook": false,
              "skipped": false
            },
            {
              "title": "Test Cart page",
              "fullTitle": "Test the Automation practice Test Cart page",
              "timedOut": null,
              "duration": 25300,
              "state": "passed",
              "speed": "slow",
              "pass": true,
              "fail": false,
              "pending": false,
              "context": null,
              "code": "cy.get('a[title=\"View my shopping cart\"]').click();\ncy.contains('Dresses').click({\n  force: true\n});\ncy.get('.checkbox').should('have.length', 19).check();\ncy.get('.checkbox').uncheck();\ncy.reload();\ncy.get('.ajax_add_to_cart_button').first().click();\ncy.contains('Proceed to checkout').click();\ncy.get('#cart_title').should('be.visible').should('contain.text', 'Shopping-cart summary');",
              "err": {},
              "uuid": "a962068a-c323-4aa7-b893-fc06112c9c05",
              "parentUUID": "807a9aeb-db35-4408-913a-57d92c38c658",
              "isHook": false,
              "skipped": false
            }
          ],
          "suites": [],
          "passes": [
            "490c898d-69a2-455d-bf5b-fed06037366e",
            "02858bbe-22eb-4c04-8982-6bf8e591b9cc",
            "87173daf-5527-431c-b705-17ab9d101463",
            "a962068a-c323-4aa7-b893-fc06112c9c05"
          ],
          "failures": [],
          "pending": [],
          "skipped": [],
          "duration": 42705,
          "root": false,
          "rootEmpty": false,
          "_timeout": 2000
        }
      ],
      "passes": [],
      "failures": [],
      "pending": [],
      "skipped": [],
      "duration": 0,
      "root": true,
      "rootEmpty": true,
      "_timeout": 2000
    }
  ],
  "meta": {
    "mocha": {
      "version": "7.0.1"
    },
    "mochawesome": {
      "options": {
        "quiet": false,
        "reportFilename": "report",
        "saveHtml": true,
        "saveJson": true,
        "consoleReporter": "spec",
        "useInlineDiffs": false,
        "code": true
      },
      "version": "7.0.1"
    },
    "marge": {
      "options": {
        "reportDir": "cypress/reports",
        "reportFilename": "report",
        "overwrite": false,
        "html": true,
        "json": true,
        "charts": true
      },
      "version": "6.0.1"
    }
  }
}