{
  "stats": {
    "suites": 1,
    "tests": 1,
    "passes": 1,
    "pending": 0,
    "failures": 0,
    "start": "2022-02-07T13:16:22.990Z",
    "end": "2022-02-07T13:16:23.669Z",
    "duration": 679,
    "testsRegistered": 1,
    "passPercent": 100,
    "pendingPercent": 0,
    "other": 0,
    "hasOther": false,
    "skipped": 0,
    "hasSkipped": false
  },
  "results": [
    {
      "uuid": "6a9383a1-14cf-4c37-b139-bed7491fcff6",
      "title": "",
      "fullFile": "cypress/integration/Div_Scripts/API_post.js",
      "file": "cypress/integration/Div_Scripts/API_post.js",
      "beforeHooks": [],
      "afterHooks": [],
      "tests": [],
      "suites": [
        {
          "uuid": "74e95d33-0ee1-4e4f-a7bb-871dbc33721c",
          "title": "Test the API post",
          "fullFile": "",
          "file": "",
          "beforeHooks": [],
          "afterHooks": [],
          "tests": [
            {
              "title": "Test the post call",
              "fullTitle": "Test the API post Test the post call",
              "timedOut": null,
              "duration": 655,
              "state": "passed",
              "speed": "fast",
              "pass": true,
              "fail": false,
              "pending": false,
              "context": null,
              "code": "cy.request({\n  method: 'POST',\n  url: 'https://gorest.co.in/public/v1/users',\n  headers: {\n    'Authorization': 'Bearer ' + accessToken\n  },\n  body: {\n    \"name\": \"Automation Testing\",\n    \"gender\": \"male\",\n    \"email\": 'email@gmail.com',\n    \"status\": \"active\"\n  }\n}).then(res => {\n  cy.log(JSON.stringify(res));\n  expect(res.status).to.eq(201);\n  expect(res.body.data.email).to.eq('email@gmail.com');\n}).then(res => {\n  const id = res.body.data.id;\n  cy.log(\"Id is \" + id);\n  cy.request({\n    method: 'GET',\n    url: 'https://gorest.co.in/public/v1/users/' + id,\n    headers: {\n      'Authorization': 'Bearer ' + accessToken\n    }\n  }).then(res => {\n    expect(res.status).to.eq(200);\n  });\n});",
              "err": {},
              "uuid": "87c48351-5150-407b-854d-cd23a71bcd86",
              "parentUUID": "74e95d33-0ee1-4e4f-a7bb-871dbc33721c",
              "isHook": false,
              "skipped": false
            }
          ],
          "suites": [],
          "passes": [
            "87c48351-5150-407b-854d-cd23a71bcd86"
          ],
          "failures": [],
          "pending": [],
          "skipped": [],
          "duration": 655,
          "root": false,
          "rootEmpty": false,
          "_timeout": 2000
        }
      ],
      "passes": [],
      "failures": [],
      "pending": [],
      "skipped": [],
      "duration": 0,
      "root": true,
      "rootEmpty": true,
      "_timeout": 2000
    }
  ],
  "meta": {
    "mocha": {
      "version": "7.0.1"
    },
    "mochawesome": {
      "options": {
        "quiet": false,
        "reportFilename": "report",
        "saveHtml": true,
        "saveJson": true,
        "consoleReporter": "spec",
        "useInlineDiffs": false,
        "code": true
      },
      "version": "7.0.1"
    },
    "marge": {
      "options": {
        "reportDir": "cypress/reports",
        "reportFilename": "report",
        "overwrite": false,
        "html": true,
        "json": true,
        "charts": true
      },
      "version": "6.0.1"
    }
  }
}