{
  "stats": {
    "suites": 1,
    "tests": 4,
    "passes": 4,
    "pending": 0,
    "failures": 0,
    "start": "2022-01-06T12:39:58.355Z",
    "end": "2022-01-06T12:39:59.077Z",
    "duration": 722,
    "testsRegistered": 4,
    "passPercent": 100,
    "pendingPercent": 0,
    "other": 0,
    "hasOther": false,
    "skipped": 0,
    "hasSkipped": false
  },
  "results": [
    {
      "uuid": "d10ba9fa-164e-4af3-9d65-b4fe5599f7ae",
      "title": "",
      "fullFile": "cypress/integration/Div_Scripts/API_alias.js",
      "file": "cypress/integration/Div_Scripts/API_alias.js",
      "beforeHooks": [],
      "afterHooks": [],
      "tests": [],
      "suites": [
        {
          "uuid": "ba5f4154-1708-46da-a3b9-c50d72c466be",
          "title": "Test the Automation API ALIAS practice",
          "fullFile": "",
          "file": "",
          "beforeHooks": [],
          "afterHooks": [],
          "tests": [
            {
              "title": "validate header",
              "fullTitle": "Test the Automation API ALIAS practice validate header",
              "timedOut": null,
              "duration": 330,
              "state": "passed",
              "speed": "fast",
              "pass": true,
              "fail": false,
              "pending": false,
              "context": null,
              "code": "cy.get('@users').its('headers').its('content-type').should('include', 'application/json; charset=utf-8');",
              "err": {},
              "uuid": "d3a7e490-4d42-4a9a-be1e-8310c1e36a66",
              "parentUUID": "ba5f4154-1708-46da-a3b9-c50d72c466be",
              "isHook": false,
              "skipped": false
            },
            {
              "title": "validate status",
              "fullTitle": "Test the Automation API ALIAS practice validate status",
              "timedOut": null,
              "duration": 110,
              "state": "passed",
              "speed": "fast",
              "pass": true,
              "fail": false,
              "pending": false,
              "context": null,
              "code": "cy.get('@users').its('status').should('equal', 200);",
              "err": {},
              "uuid": "a76ab024-9c38-44b9-8a13-599fe3446832",
              "parentUUID": "ba5f4154-1708-46da-a3b9-c50d72c466be",
              "isHook": false,
              "skipped": false
            },
            {
              "title": "validate total pages",
              "fullTitle": "Test the Automation API ALIAS practice validate total pages",
              "timedOut": null,
              "duration": 114,
              "state": "passed",
              "speed": "fast",
              "pass": true,
              "fail": false,
              "pending": false,
              "context": null,
              "code": "cy.get('@users').its('body').should('contain', {\n  'total_pages': 2\n});",
              "err": {},
              "uuid": "58c9286b-56ba-419c-832d-4abb34c708d2",
              "parentUUID": "ba5f4154-1708-46da-a3b9-c50d72c466be",
              "isHook": false,
              "skipped": false
            },
            {
              "title": "validate user info",
              "fullTitle": "Test the Automation API ALIAS practice validate user info",
              "timedOut": null,
              "duration": 121,
              "state": "passed",
              "speed": "fast",
              "pass": true,
              "fail": false,
              "pending": false,
              "context": null,
              "code": "cy.get('@users').its('body').then(resp => {\n  expect(resp.data[0]).has.property('email', 'michael.lawson@reqres.in');\n});",
              "err": {},
              "uuid": "67425a4c-8815-44e8-84c9-b60d712e9a93",
              "parentUUID": "ba5f4154-1708-46da-a3b9-c50d72c466be",
              "isHook": false,
              "skipped": false
            }
          ],
          "suites": [],
          "passes": [
            "d3a7e490-4d42-4a9a-be1e-8310c1e36a66",
            "a76ab024-9c38-44b9-8a13-599fe3446832",
            "58c9286b-56ba-419c-832d-4abb34c708d2",
            "67425a4c-8815-44e8-84c9-b60d712e9a93"
          ],
          "failures": [],
          "pending": [],
          "skipped": [],
          "duration": 675,
          "root": false,
          "rootEmpty": false,
          "_timeout": 2000
        }
      ],
      "passes": [],
      "failures": [],
      "pending": [],
      "skipped": [],
      "duration": 0,
      "root": true,
      "rootEmpty": true,
      "_timeout": 2000
    }
  ],
  "meta": {
    "mocha": {
      "version": "7.0.1"
    },
    "mochawesome": {
      "options": {
        "quiet": false,
        "reportFilename": "report",
        "saveHtml": true,
        "saveJson": true,
        "consoleReporter": "spec",
        "useInlineDiffs": false,
        "code": true
      },
      "version": "7.0.1"
    },
    "marge": {
      "options": {
        "reportDir": "cypress/reports",
        "reportFilename": "report",
        "overwrite": false,
        "html": true,
        "json": true,
        "charts": true
      },
      "version": "6.0.1"
    }
  }
}