{
  "stats": {
    "suites": 1,
    "tests": 1,
    "passes": 1,
    "pending": 0,
    "failures": 0,
    "start": "2022-02-07T13:16:48.469Z",
    "end": "2022-02-07T13:16:58.301Z",
    "duration": 9832,
    "testsRegistered": 1,
    "passPercent": 100,
    "pendingPercent": 0,
    "other": 0,
    "hasOther": false,
    "skipped": 0,
    "hasSkipped": false
  },
  "results": [
    {
      "uuid": "ba1bf37b-b093-4fa3-8d46-8c7d4ff26ba9",
      "title": "",
      "fullFile": "cypress/integration/Div_Scripts/fileupload.js",
      "file": "cypress/integration/Div_Scripts/fileupload.js",
      "beforeHooks": [],
      "afterHooks": [],
      "tests": [],
      "suites": [
        {
          "uuid": "d456d6df-59da-4631-a832-338bc703ef81",
          "title": "Test the File upload",
          "fullFile": "",
          "file": "",
          "beforeHooks": [],
          "afterHooks": [],
          "tests": [
            {
              "title": "File upload with input type as file",
              "fullTitle": "Test the File upload File upload with input type as file",
              "timedOut": null,
              "duration": 5464,
              "state": "passed",
              "speed": "medium",
              "pass": true,
              "fail": false,
              "pending": false,
              "context": null,
              "code": "cy.visit('http://automationpractice.com/index.php?controller=contact'); //const testFile = 'feather.jpg'\n//cy.fixture('feather.jpg').then(fileContent => {\ncy.get(\"[type='file']\").attachFile('feather.jpg'); // fileContent: fileContent.toString(),\n//fileName: \n//})",
              "err": {},
              "uuid": "7e3b8392-ff9b-46ed-8e2d-397426cf9dc4",
              "parentUUID": "d456d6df-59da-4631-a832-338bc703ef81",
              "isHook": false,
              "skipped": false
            }
          ],
          "suites": [],
          "passes": [
            "7e3b8392-ff9b-46ed-8e2d-397426cf9dc4"
          ],
          "failures": [],
          "pending": [],
          "skipped": [],
          "duration": 5464,
          "root": false,
          "rootEmpty": false,
          "_timeout": 2000
        }
      ],
      "passes": [],
      "failures": [],
      "pending": [],
      "skipped": [],
      "duration": 0,
      "root": true,
      "rootEmpty": true,
      "_timeout": 2000
    }
  ],
  "meta": {
    "mocha": {
      "version": "7.0.1"
    },
    "mochawesome": {
      "options": {
        "quiet": false,
        "reportFilename": "report",
        "saveHtml": true,
        "saveJson": true,
        "consoleReporter": "spec",
        "useInlineDiffs": false,
        "code": true
      },
      "version": "7.0.1"
    },
    "marge": {
      "options": {
        "reportDir": "cypress/reports",
        "reportFilename": "report",
        "overwrite": false,
        "html": true,
        "json": true,
        "charts": true
      },
      "version": "6.0.1"
    }
  }
}